** ComfyUI startup time: 2024-02-05 06:08:47.001079
[2024-02-05 06:08] ** Platform: Darwin
[2024-02-05 06:08] ** Python version: 3.10.0 (v3.10.0:b494f5935c, Oct  4 2021, 14:59:19) [Clang 12.0.5 (clang-1205.0.22.11)]
[2024-02-05 06:08] ** Python executable: /Library/Frameworks/Python.framework/Versions/3.10/bin/python3
[2024-02-05 06:08] ** Log path: /Users/aoneko/Documents/Stable Diffusion/Blender_ComfyUI/ComfyUI/comfyui.log
[2024-02-05 06:08] 
Prestartup times for custom nodes:
[2024-02-05 06:08]    0.0 seconds: /Users/aoneko/Documents/Stable Diffusion/Blender_ComfyUI/ComfyUI/custom_nodes/rgthree-comfy
[2024-02-05 06:08]    0.0 seconds: /Users/aoneko/Documents/Stable Diffusion/Blender_ComfyUI/ComfyUI/custom_nodes/ComfyUI-Manager
[2024-02-05 06:08] 
[2024-02-05 06:08] Total VRAM 24576 MB, total RAM 24576 MB
[2024-02-05 06:08] Set vram state to: SHARED
[2024-02-05 06:08] Device: mps
[2024-02-05 06:08] VAE dtype: torch.float32
[2024-02-05 06:08] Using sub quadratic optimization for cross attention, if you have memory or speed issues try using: --use-split-cross-attention
[2024-02-05 06:08] __name__ : ComfyUI_node_Lilly
[2024-02-05 06:08] __file__ : /Users/aoneko/Documents/Stable Diffusion/Blender_ComfyUI/ComfyUI/custom_nodes/ComfyUI_node_Lilly/__init__.py
[2024-02-05 06:08] os.path.basename(__file__) : __init__.py
[2024-02-05 06:08] os.path.splitext(os.path.basename(__file__))[0] : __init__
[2024-02-05 06:08] working directory :  /Users/aoneko/Documents/Stable Diffusion/Blender_ComfyUI/ComfyUI
[2024-02-05 06:08] ──────────────────────────────────────────────  init start  ──────────────────────────────────────────────
[2024-02-05 06:08] __name__ : custom_nodes.ComfyUI_node_Lilly
[2024-02-05 06:08] __file__ : /Users/aoneko/Documents/Stable Diffusion/Blender_ComfyUI/ComfyUI/custom_nodes/ComfyUI_node_Lilly/__init__.py
[2024-02-05 06:08] os.path.basename(__file__) : __init__.py
[2024-02-05 06:08] os.path.splitext(os.path.basename(__file__))[0] : __init__
[2024-02-05 06:08] working directory :  /Users/aoneko/Documents/Stable Diffusion/Blender_ComfyUI/ComfyUI
[2024-02-05 06:08] [06:08:48] Load ok   : CheckpointLoaderRandom                                               __init__.py:83
[2024-02-05 06:08]            Load ok   : CheckpointLoaderSimpleText                                           __init__.py:83
[2024-02-05 06:08] [06:08:48] wildcards card_path :  /Users/aoneko/Documents/Stable                           wildcards.py:36
           Diffusion/Blender_ComfyUI/ComfyUI/custom_nodes/ComfyUI_node_Lilly/../../wildcar                
           ds/**/*.txt                                                                                    
[2024-02-05 06:08]            cards file count :  0                                                          wildcards.py:187
[2024-02-05 06:08]            wildcards test : aest                                                          wildcards.py:218
[2024-02-05 06:08]            wildcards test : *test                                                         wildcards.py:219
[2024-02-05 06:08]            wildcards test : ?est                                                          wildcards.py:220
[2024-02-05 06:08]            wildcards test : test                                                          wildcards.py:221
[2024-02-05 06:08]            wildcards test : /test                                                         wildcards.py:222
[2024-02-05 06:08]            wildcards test : /0/test                                                       wildcards.py:223
[2024-02-05 06:08]            Load ok   : CLIPTextEncodeWildcards                                              __init__.py:83
[2024-02-05 06:08]            Load ok   : LoraLoaderText                                                       __init__.py:83
[2024-02-05 06:08]            Load ok   : LoraLoaderTextRandom                                                 __init__.py:83
[2024-02-05 06:08]            Load ok   : Random_Sampler                                                       __init__.py:83
[2024-02-05 06:08]            Load ok   : VAELoaderDecode                                                      __init__.py:83
[2024-02-05 06:08]            Load ok   : VAELoaderText                                                        __init__.py:83
[2024-02-05 06:08] Total VRAM 24576 MB, total RAM 24576 MB
[2024-02-05 06:08] Set vram state to: SHARED
[2024-02-05 06:08] Device: mps
[2024-02-05 06:08] VAE dtype: torch.float32
[2024-02-05 06:08]            Load ok   : SimpleSampler                                                        __init__.py:83
[2024-02-05 06:08]            Load ok   : SaveImageSimple                                                      __init__.py:83
[2024-02-05 06:08]            Load ok   : TextWildcards                                                        __init__.py:83
[2024-02-05 06:08] ───────────────────────────────────────────────  init end  ───────────────────────────────────────────────
/Library/Frameworks/Python.framework/Versions/3.10/lib/python3.10/site-packages/torchvision/datapoints/__init__.py:12: UserWarning: The torchvision.datapoints and torchvision.transforms.v2 namespaces are still Beta. While we do not expect major breaking changes, some APIs may still change according to user feedback. Please submit any feedback you may have in this issue: https://github.com/pytorch/vision/issues/6753, and you can also check out https://github.com/pytorch/vision/issues/7319 to learn more about the APIs that we suspect might involve future changes. You can silence this warning by calling torchvision.disable_beta_transforms_warning().
  warnings.warn(_BETA_TRANSFORMS_WARNING)
[2024-02-05 06:08] /Library/Frameworks/Python.framework/Versions/3.10/lib/python3.10/site-packages/torchvision/transforms/v2/__init__.py:54: UserWarning: The torchvision.datapoints and torchvision.transforms.v2 namespaces are still Beta. While we do not expect major breaking changes, some APIs may still change according to user feedback. Please submit any feedback you may have in this issue: https://github.com/pytorch/vision/issues/6753, and you can also check out https://github.com/pytorch/vision/issues/7319 to learn more about the APIs that we suspect might involve future changes. You can silence this warning by calling torchvision.disable_beta_transforms_warning().
  warnings.warn(_BETA_TRANSFORMS_WARNING)
[2024-02-05 06:08] ### Loading: ComfyUI-Manager (V2.7)
[2024-02-05 06:08] ### ComfyUI Revision: 1879 on 'test' [bb7d1a83] | Released on '2024-02-05'
[2024-02-05 06:08] [0;33m[ReActor][0m - [38;5;173mSTATUS[0m - [0;32mRunning v0.4.1-b8 in ComfyUI[0m
[2024-02-05 06:08] Exception in thread Thread-1 (<lambda>):
[2024-02-05 06:08] Traceback (most recent call last):
[2024-02-05 06:08]   File "/Library/Frameworks/Python.framework/Versions/3.10/lib/python3.10/site-packages/aiohttp/connector.py", line 992, in _wrap_create_connection
[2024-02-05 06:08]     return await self._loop.create_connection(*args, **kwargs)
[2024-02-05 06:08]   File "/Library/Frameworks/Python.framework/Versions/3.10/lib/python3.10/asyncio/base_events.py", line 1055, in create_connection
[2024-02-05 06:08]     raise exceptions[0]
[2024-02-05 06:08]   File "/Library/Frameworks/Python.framework/Versions/3.10/lib/python3.10/asyncio/base_events.py", line 1040, in create_connection
[2024-02-05 06:08]     sock = await self._connect_sock(
[2024-02-05 06:08]   File "/Library/Frameworks/Python.framework/Versions/3.10/lib/python3.10/asyncio/base_events.py", line 954, in _connect_sock
[2024-02-05 06:08]     await self.sock_connect(sock, address)
[2024-02-05 06:08]   File "/Library/Frameworks/Python.framework/Versions/3.10/lib/python3.10/asyncio/selector_events.py", line 502, in sock_connect
[2024-02-05 06:08]     return await fut
[2024-02-05 06:08]   File "/Library/Frameworks/Python.framework/Versions/3.10/lib/python3.10/asyncio/selector_events.py", line 537, in _sock_connect_cb
[2024-02-05 06:08]     raise OSError(err, f'Connect call failed {address}')
[2024-02-05 06:08] ConnectionRefusedError: [Errno 61] Connect call failed ('0.0.0.0', 443)
[2024-02-05 06:08] 
The above exception was the direct cause of the following exception:

[2024-02-05 06:08] Traceback (most recent call last):
[2024-02-05 06:08]   File "/Library/Frameworks/Python.framework/Versions/3.10/lib/python3.10/threading.py", line 1009, in _bootstrap_inner
[2024-02-05 06:08]     self.run()
[2024-02-05 06:08]   File "/Library/Frameworks/Python.framework/Versions/3.10/lib/python3.10/threading.py", line 946, in run
[2024-02-05 06:08]     self._target(*self._args, **self._kwargs)
[2024-02-05 06:08]   File "/Users/aoneko/Documents/Stable Diffusion/Blender_ComfyUI/ComfyUI/custom_nodes/ComfyUI-Manager/__init__.py", line 2353, in <lambda>
[2024-02-05 06:08]     threading.Thread(target=lambda: asyncio.run(default_cache_update())).start()
[2024-02-05 06:08]   File "/Library/Frameworks/Python.framework/Versions/3.10/lib/python3.10/asyncio/runners.py", line 44, in run
[2024-02-05 06:08]     return loop.run_until_complete(main)
[2024-02-05 06:08]   File "/Library/Frameworks/Python.framework/Versions/3.10/lib/python3.10/asyncio/base_events.py", line 641, in run_until_complete
[2024-02-05 06:08]     return future.result()
[2024-02-05 06:08]   File "/Users/aoneko/Documents/Stable Diffusion/Blender_ComfyUI/ComfyUI/custom_nodes/ComfyUI-Manager/__init__.py", line 2350, in default_cache_update
[2024-02-05 06:08]     await asyncio.gather(a, b, c, d)
[2024-02-05 06:08]   File "/Users/aoneko/Documents/Stable Diffusion/Blender_ComfyUI/ComfyUI/custom_nodes/ComfyUI-Manager/__init__.py", line 2338, in get_cache
[2024-02-05 06:08]     json_obj = await get_data(uri, True)
[2024-02-05 06:08]   File "/Users/aoneko/Documents/Stable Diffusion/Blender_ComfyUI/ComfyUI/custom_nodes/ComfyUI-Manager/__init__.py", line 541, in get_data
[2024-02-05 06:08]     async with session.get(uri) as resp:
[2024-02-05 06:08]   File "/Library/Frameworks/Python.framework/Versions/3.10/lib/python3.10/site-packages/aiohttp/client.py", line 1194, in __aenter__
[2024-02-05 06:08]     self._resp = await self._coro
[2024-02-05 06:08]   File "/Library/Frameworks/Python.framework/Versions/3.10/lib/python3.10/site-packages/aiohttp/client.py", line 578, in _request
[2024-02-05 06:08]     conn = await self._connector.connect(
[2024-02-05 06:08]   File "/Library/Frameworks/Python.framework/Versions/3.10/lib/python3.10/site-packages/aiohttp/connector.py", line 544, in connect
[2024-02-05 06:08]     proto = await self._create_connection(req, traces, timeout)
[2024-02-05 06:08]   File "/Library/Frameworks/Python.framework/Versions/3.10/lib/python3.10/site-packages/aiohttp/connector.py", line 911, in _create_connection
[2024-02-05 06:08]     _, proto = await self._create_direct_connection(req, traces, timeout)
[2024-02-05 06:08]   File "/Library/Frameworks/Python.framework/Versions/3.10/lib/python3.10/site-packages/aiohttp/connector.py", line 1235, in _create_direct_connection
[2024-02-05 06:08]     raise last_exc
[2024-02-05 06:08]   File "/Library/Frameworks/Python.framework/Versions/3.10/lib/python3.10/site-packages/aiohttp/connector.py", line 1204, in _create_direct_connection
[2024-02-05 06:08]     transp, proto = await self._wrap_create_connection(
[2024-02-05 06:08]   File "/Library/Frameworks/Python.framework/Versions/3.10/lib/python3.10/site-packages/aiohttp/connector.py", line 1000, in _wrap_create_connection
[2024-02-05 06:08]     raise client_error(req.connection_key, exc) from exc
[2024-02-05 06:08] aiohttp.client_exceptions.ClientConnectorError: Cannot connect to host raw.githubusercontent.com:443 ssl:default [Connect call failed ('0.0.0.0', 443)]
[2024-02-05 06:08] Torch version: 2.0.1
[2024-02-05 06:08] [INFO] PromptControl: Use STYLE:weight_interpretation:normalization at the start of a prompt to use advanced encodings
[2024-02-05 06:08] [INFO] PromptControl: Weight interpretations available: comfy,A1111,compel,comfy++,down_weight,perp
[2024-02-05 06:08] [INFO] PromptControl: Normalization types available: none,mean,length,length+mean
[2024-02-05 06:08] 2024-02-05 06:08:53,141 - roop - [0;32mINFO[0m - roop v0.0.2
[2024-02-05 06:08] Traceback (most recent call last):
  File "/Users/aoneko/Documents/Stable Diffusion/Blender_ComfyUI/ComfyUI/nodes.py", line 1893, in load_custom_node
    module_spec.loader.exec_module(module)
  File "<frozen importlib._bootstrap_external>", line 883, in exec_module
  File "<frozen importlib._bootstrap>", line 241, in _call_with_frames_removed
  File "/Users/aoneko/Documents/Stable Diffusion/Blender_ComfyUI/ComfyUI/custom_nodes/ComfyUI-ExLlama/__init__.py", line 1, in <module>
    from . import exllama, text
  File "/Users/aoneko/Documents/Stable Diffusion/Blender_ComfyUI/ComfyUI/custom_nodes/ComfyUI-ExLlama/exllama.py", line 9, in <module>
    from exllamav2 import (
ModuleNotFoundError: No module named 'exllamav2'
[2024-02-05 06:08] 
[2024-02-05 06:08] Cannot import /Users/aoneko/Documents/Stable Diffusion/Blender_ComfyUI/ComfyUI/custom_nodes/ComfyUI-ExLlama module for custom nodes: No module named 'exllamav2'
[2024-02-05 06:08] [ComfyUI_zfkun] [1;35mcheck start[0m
[2024-02-05 06:08] [ComfyUI_zfkun] [93m"Pillow" is not installed. Trying to install.[0m
[2024-02-05 06:08] [ComfyUI_zfkun] [92m"Pillow" is installed[0m
[2024-02-05 06:08] [ComfyUI_zfkun] [92mall dependency installed[0m
[2024-02-05 06:08] [ComfyUI_zfkun] [1;35mcheck end[0m
[2024-02-05 06:08] [ComfyUI_zfkun] [1;35mboot start[0m
[2024-02-05 06:08] [ComfyUI_zfkun] [92mnode install: preview_text.js[0m
[2024-02-05 06:08] [ComfyUI_zfkun] [92mnode install: share_screen.js[0m
[2024-02-05 06:08] [ComfyUI_zfkun] [92mnode install: preview_text_multiline.js[0m
[2024-02-05 06:08] [ComfyUI_zfkun] [1;35mboot end[0m
[2024-02-05 06:09] [34mWAS Node Suite: [0mBlenderNeko's Advanced CLIP Text Encode found, attempting to enable `CLIPTextEncode` support.[0m
[2024-02-05 06:09] [34mWAS Node Suite: [0m`CLIPTextEncode (BlenderNeko Advanced + NSP)` node enabled under `WAS Suite/Conditioning` menu.[0m
[2024-02-05 06:09] [34mWAS Node Suite: [0mOpenCV Python FFMPEG support is enabled[0m
[2024-02-05 06:09] [34mWAS Node Suite [93mWarning: [0m`ffmpeg_bin_path` is not set in `/Users/aoneko/Documents/Stable Diffusion/Blender_ComfyUI/ComfyUI/custom_nodes/was-node-suite-comfyui/was_suite_config.json` config file. Will attempt to use system ffmpeg binaries if available.[0m
[2024-02-05 06:09] [34mWAS Node Suite: [0mFinished.[0m [32mLoaded[0m [0m212[0m [32mnodes successfully.[0m
[2024-02-05 06:09] 
	[3m[93m"Art is the lie that enables us to realize the truth."[0m[3m - Pablo Picasso[0m
[2024-02-05 06:09] 
[2024-02-05 06:09] 
[2024-02-05 06:09] [92m[rgthree] Loaded 33 fantastic nodes.[0m
[2024-02-05 06:09] [92m[rgthree] Will use rgthree's optimized recursive execution.[0m
[2024-02-05 06:09] 
[2024-02-05 06:09] ### Loading: ComfyUI-Impact-Pack (V4.73.3)
[2024-02-05 06:09] ### Loading: ComfyUI-Impact-Pack (Subpack: V0.2.4)
[2024-02-05 06:09] Config Export Error[Errno 2] No such file or directory: 'C:/Users/DorotaL/AppData/Roaming/Blender Foundation/Blender/4.0/scripts/addons/ComfyUI-BlenderAI-node/SDNode/PATH_CFG.json'[Impact Pack] Wildcards loading done.
[2024-02-05 06:09] ### Loading: ComfyUI-Inspire-Pack (V0.63)
[2024-02-05 06:09] [36;20m[comfyui_controlnet_aux] | INFO -> Using ckpts path: /Users/aoneko/Documents/Stable Diffusion/Blender_ComfyUI/ComfyUI/custom_nodes/comfyui_controlnet_aux/ckpts[0m
[2024-02-05 06:09] [36;20m[comfyui_controlnet_aux] | INFO -> Using symlinks: False[0m
[2024-02-05 06:09] [36;20m[comfyui_controlnet_aux] | INFO -> Using ort providers: ['CUDAExecutionProvider', 'DirectMLExecutionProvider', 'OpenVINOExecutionProvider', 'ROCMExecutionProvider', 'CPUExecutionProvider', 'CoreMLExecutionProvider'][0m
[2024-02-05 06:09] DWPose: Onnxruntime with acceleration providers detected
[2024-02-05 06:09] [AnimateDiffEvo] - [0;31mERROR[0m - No motion models found. Please download one and place in: ['/Users/aoneko/Documents/Stable Diffusion/Blender_ComfyUI/ComfyUI/custom_nodes/ComfyUI-AnimateDiff-Evolved/models', '/Users/aoneko/Documents/Stable Diffusion/Blender_ComfyUI/ComfyUI/models/animatediff_models']
[2024-02-05 06:09] [34mFizzleDorf Custom Nodes: [92mLoaded[0m
[2024-02-05 06:09] Using sub quadratic optimization for cross attention, if you have memory or speed issues try using: --use-split-cross-attention
[2024-02-05 06:09] [34mDavemane42 Custom Nodes: [92mLoaded[0m
[2024-02-05 06:09] [VideoHelperSuite] - [0;33mWARNING[0m - Failed to import imageio_ffmpeg
[2024-02-05 06:09] [VideoHelperSuite] - [0;31mERROR[0m - No valid ffmpeg found.
[2024-02-05 06:09] [36mEfficiency Nodes:[0m Attempting to add Control Net options to the 'HiRes-Fix Script' Node (comfyui_controlnet_aux add-on)...[92mSuccess![0m
[2024-02-05 06:09] [36mEfficiency Nodes:[0m Attempting to add 'AnimatedDiff Script' Node (ComfyUI-AnimateDiff-Evolved add-on)...[36mEfficiency Nodes:[0m Attempting to add 'AnimatedDiff Script' Node (ComfyUI-AnimateDiff-Evolved add-on)...[91mFailed![0m
[2024-02-05 06:09] [93mEfficiency Nodes Warning:[0m Failed to import python package 'simpleeval'; related nodes disabled.
[2024-02-05 06:09] 
[2024-02-05 06:09] ------------------------------------------
[2024-02-05 06:09] [34mComfyroll Studio v1.76 : [92m 175 Nodes Loaded[0m
[2024-02-05 06:09] ------------------------------------------
[2024-02-05 06:09] ** For changes, please see patch notes at https://github.com/Suzie1/ComfyUI_Comfyroll_CustomNodes/blob/main/Patch_Notes.md
[2024-02-05 06:09] ** For help, please see the wiki at https://github.com/Suzie1/ComfyUI_Comfyroll_CustomNodes/wiki
[2024-02-05 06:09] ------------------------------------------
[2024-02-05 06:09] [agl/register error]: [Errno 17] File exists: '/Users/aoneko/Documents/Stable Diffusion/Blender_ComfyUI/ComfyUI/web/extensions/AIGODLIKE-COMFYUI-TRANSLATION'
[2024-02-05 06:09] [1;35m### [START] ComfyUI AlekPet Nodes ###[0m
[2024-02-05 06:09] [92mNode -> PainterNode [Loading][0m
[2024-02-05 06:09] [92mNode -> PoseNode [Loading][0m
[2024-02-05 06:09] [92mNode -> ArgosTranslateNode [Loading][0m
[2024-02-05 06:09] [92mNode -> TranslateNode [Loading][0m
[2024-02-05 06:09] [92mNode -> ExtrasNode [Loading][0m
[2024-02-05 06:09] [1;35m### [END] ComfyUI AlekPet Nodes ###[0m
[2024-02-05 06:09] [36;20m[comfy_mtb] | INFO -> loaded [96m65[0m nodes successfuly[0m
[2024-02-05 06:09] [92m[tinyterraNodes] [32mLoaded[0m
[2024-02-05 06:09] 
Import times for custom nodes:
[2024-02-05 06:09]    0.0 seconds: /Users/aoneko/Documents/Stable Diffusion/Blender_ComfyUI/ComfyUI/custom_nodes/ComfyUI-CADS
[2024-02-05 06:09]    0.0 seconds: /Users/aoneko/Documents/Stable Diffusion/Blender_ComfyUI/ComfyUI/custom_nodes/ComfyUI_LatentToRGB
[2024-02-05 06:09]    0.0 seconds: /Users/aoneko/Documents/Stable Diffusion/Blender_ComfyUI/ComfyUI/custom_nodes/sdxl_prompt_styler
[2024-02-05 06:09]    0.0 seconds: /Users/aoneko/Documents/Stable Diffusion/Blender_ComfyUI/ComfyUI/custom_nodes/ControlNet-LLLite-ComfyUI
[2024-02-05 06:09]    0.0 seconds: /Users/aoneko/Documents/Stable Diffusion/Blender_ComfyUI/ComfyUI/custom_nodes/ComfyUI-seamless-tiling
[2024-02-05 06:09]    0.0 seconds: /Users/aoneko/Documents/Stable Diffusion/Blender_ComfyUI/ComfyUI/custom_nodes/attention-couple-ComfyUI
[2024-02-05 06:09]    0.0 seconds: /Users/aoneko/Documents/Stable Diffusion/Blender_ComfyUI/ComfyUI/custom_nodes/comfyui-optical-flow
[2024-02-05 06:09]    0.0 seconds: /Users/aoneko/Documents/Stable Diffusion/Blender_ComfyUI/ComfyUI/custom_nodes/cg-use-everywhere
[2024-02-05 06:09]    0.0 seconds: /Users/aoneko/Documents/Stable Diffusion/Blender_ComfyUI/ComfyUI/custom_nodes/ComfyUI-LaMA-Preprocessor
[2024-02-05 06:09]    0.0 seconds: /Users/aoneko/Documents/Stable Diffusion/Blender_ComfyUI/ComfyUI/custom_nodes/ComfyUI_ADV_CLIP_emb
[2024-02-05 06:09]    0.0 seconds: /Users/aoneko/Documents/Stable Diffusion/Blender_ComfyUI/ComfyUI/custom_nodes/ComfyUI_experiments
[2024-02-05 06:09]    0.0 seconds: /Users/aoneko/Documents/Stable Diffusion/Blender_ComfyUI/ComfyUI/custom_nodes/masquerade-nodes-comfyui
[2024-02-05 06:09]    0.0 seconds: /Users/aoneko/Documents/Stable Diffusion/Blender_ComfyUI/ComfyUI/custom_nodes/AIGODLIKE-COMFYUI-TRANSLATION
[2024-02-05 06:09]    0.0 seconds: /Users/aoneko/Documents/Stable Diffusion/Blender_ComfyUI/ComfyUI/custom_nodes/ComfyUI_fabric
[2024-02-05 06:09]    0.0 seconds: /Users/aoneko/Documents/Stable Diffusion/Blender_ComfyUI/ComfyUI/custom_nodes/ComfyUI_TiledKSampler
[2024-02-05 06:09]    0.0 seconds: /Users/aoneko/Documents/Stable Diffusion/Blender_ComfyUI/ComfyUI/custom_nodes/sd-dynamic-thresholding
[2024-02-05 06:09]    0.0 seconds: /Users/aoneko/Documents/Stable Diffusion/Blender_ComfyUI/ComfyUI/custom_nodes/ComfyUI_Cutoff
[2024-02-05 06:09]    0.0 seconds: /Users/aoneko/Documents/Stable Diffusion/Blender_ComfyUI/ComfyUI/custom_nodes/cd-tuner_negpip-ComfyUI
[2024-02-05 06:09]    0.0 seconds: /Users/aoneko/Documents/Stable Diffusion/Blender_ComfyUI/ComfyUI/custom_nodes/cup.py
[2024-02-05 06:09]    0.0 seconds: /Users/aoneko/Documents/Stable Diffusion/Blender_ComfyUI/ComfyUI/custom_nodes/ComfyUI_FastVAEDecorder_SDXL
[2024-02-05 06:09]    0.0 seconds: /Users/aoneko/Documents/Stable Diffusion/Blender_ComfyUI/ComfyUI/custom_nodes/ambw_comfyui
[2024-02-05 06:09]    0.0 seconds: /Users/aoneko/Documents/Stable Diffusion/Blender_ComfyUI/ComfyUI/custom_nodes/IPAdapter-ComfyUI
[2024-02-05 06:09]    0.0 seconds: /Users/aoneko/Documents/Stable Diffusion/Blender_ComfyUI/ComfyUI/custom_nodes/ComfyUI_Noise
[2024-02-05 06:09]    0.0 seconds: /Users/aoneko/Documents/Stable Diffusion/Blender_ComfyUI/ComfyUI/custom_nodes/ComfyUI-post-processing-nodes
[2024-02-05 06:09]    0.0 seconds: /Users/aoneko/Documents/Stable Diffusion/Blender_ComfyUI/ComfyUI/custom_nodes/comfyui-diffusion-cg
[2024-02-05 06:09]    0.0 seconds: /Users/aoneko/Documents/Stable Diffusion/Blender_ComfyUI/ComfyUI/custom_nodes/cg-image-picker
[2024-02-05 06:09]    0.0 seconds: /Users/aoneko/Documents/Stable Diffusion/Blender_ComfyUI/ComfyUI/custom_nodes/ComfyUI_SeeCoder
[2024-02-05 06:09]    0.0 seconds: /Users/aoneko/Documents/Stable Diffusion/Blender_ComfyUI/ComfyUI/custom_nodes/ComfyUI_IPAdapter_plus
[2024-02-05 06:09]    0.0 seconds (IMPORT FAILED): /Users/aoneko/Documents/Stable Diffusion/Blender_ComfyUI/ComfyUI/custom_nodes/ComfyUI-ExLlama
[2024-02-05 06:09]    0.0 seconds: /Users/aoneko/Documents/Stable Diffusion/Blender_ComfyUI/ComfyUI/custom_nodes/Cup-ClipBoard
[2024-02-05 06:09]    0.0 seconds: /Users/aoneko/Documents/Stable Diffusion/Blender_ComfyUI/ComfyUI/custom_nodes/ComfyMath
[2024-02-05 06:09]    0.0 seconds: /Users/aoneko/Documents/Stable Diffusion/Blender_ComfyUI/ComfyUI/custom_nodes/ComfyUI_Dave_CustomNode
[2024-02-05 06:09]    0.0 seconds: /Users/aoneko/Documents/Stable Diffusion/Blender_ComfyUI/ComfyUI/custom_nodes/comfyui-portrait-master
[2024-02-05 06:09]    0.0 seconds: /Users/aoneko/Documents/Stable Diffusion/Blender_ComfyUI/ComfyUI/custom_nodes/comfyui_dagthomas
[2024-02-05 06:09]    0.0 seconds: /Users/aoneko/Documents/Stable Diffusion/Blender_ComfyUI/ComfyUI/custom_nodes/ComfyUI-WD14-Tagger
[2024-02-05 06:09]    0.0 seconds: /Users/aoneko/Documents/Stable Diffusion/Blender_ComfyUI/ComfyUI/custom_nodes/images-grid-comfy-plugin
[2024-02-05 06:09]    0.0 seconds: /Users/aoneko/Documents/Stable Diffusion/Blender_ComfyUI/ComfyUI/custom_nodes/ComfyUI-Advanced-ControlNet
[2024-02-05 06:09]    0.0 seconds: /Users/aoneko/Documents/Stable Diffusion/Blender_ComfyUI/ComfyUI/custom_nodes/ComfyUI-Custom-Scripts
[2024-02-05 06:09]    0.0 seconds: /Users/aoneko/Documents/Stable Diffusion/Blender_ComfyUI/ComfyUI/custom_nodes/efficiency-nodes-comfyui
[2024-02-05 06:09]    0.0 seconds: /Users/aoneko/Documents/Stable Diffusion/Blender_ComfyUI/ComfyUI/custom_nodes/comfy-qr
[2024-02-05 06:09]    0.0 seconds: /Users/aoneko/Documents/Stable Diffusion/Blender_ComfyUI/ComfyUI/custom_nodes/ComfyUI_UltimateSDUpscale
[2024-02-05 06:09]    0.0 seconds: /Users/aoneko/Documents/Stable Diffusion/Blender_ComfyUI/ComfyUI/custom_nodes/rgthree-comfy
[2024-02-05 06:09]    0.0 seconds: /Users/aoneko/Documents/Stable Diffusion/Blender_ComfyUI/ComfyUI/custom_nodes/ComfyUI-AnimateDiff-Evolved
[2024-02-05 06:09]    0.0 seconds: /Users/aoneko/Documents/Stable Diffusion/Blender_ComfyUI/ComfyUI/custom_nodes/ComfyUI_FizzNodes
[2024-02-05 06:09]    0.0 seconds: /Users/aoneko/Documents/Stable Diffusion/Blender_ComfyUI/ComfyUI/custom_nodes/ComfyUI-Inspire-Pack
[2024-02-05 06:09]    0.0 seconds: /Users/aoneko/Documents/Stable Diffusion/Blender_ComfyUI/ComfyUI/custom_nodes/ComfyUI_Comfyroll_CustomNodes
[2024-02-05 06:09]    0.0 seconds: /Users/aoneko/Documents/Stable Diffusion/Blender_ComfyUI/ComfyUI/custom_nodes/ComfyUI-TiledDiffusion
[2024-02-05 06:09]    0.0 seconds: /Users/aoneko/Documents/Stable Diffusion/Blender_ComfyUI/ComfyUI/custom_nodes/ComfyUI-VideoHelperSuite
[2024-02-05 06:09]    0.0 seconds: /Users/aoneko/Documents/Stable Diffusion/Blender_ComfyUI/ComfyUI/custom_nodes/sd-webui-color-enhance
[2024-02-05 06:09]    0.0 seconds: /Users/aoneko/Documents/Stable Diffusion/Blender_ComfyUI/ComfyUI/custom_nodes/ComfyUI_tinyterraNodes
[2024-02-05 06:09]    0.0 seconds: /Users/aoneko/Documents/Stable Diffusion/Blender_ComfyUI/ComfyUI/custom_nodes/comfyui-dynamicprompts
[2024-02-05 06:09]    0.0 seconds: /Users/aoneko/Documents/Stable Diffusion/Blender_ComfyUI/ComfyUI/custom_nodes/nui-suite
[2024-02-05 06:09]    0.1 seconds: /Users/aoneko/Documents/Stable Diffusion/Blender_ComfyUI/ComfyUI/custom_nodes/ComfyUI-Manager
[2024-02-05 06:09]    0.1 seconds: /Users/aoneko/Documents/Stable Diffusion/Blender_ComfyUI/ComfyUI/custom_nodes/clipseg.py
[2024-02-05 06:09]    0.1 seconds: /Users/aoneko/Documents/Stable Diffusion/Blender_ComfyUI/ComfyUI/custom_nodes/ComfyUI_smZNodes
[2024-02-05 06:09]    0.1 seconds: /Users/aoneko/Documents/Stable Diffusion/Blender_ComfyUI/ComfyUI/custom_nodes/ComfyUI-NegiTools
[2024-02-05 06:09]    0.1 seconds: /Users/aoneko/Documents/Stable Diffusion/Blender_ComfyUI/ComfyUI/custom_nodes/ComfyUI_node_Lilly
[2024-02-05 06:09]    0.2 seconds: /Users/aoneko/Documents/Stable Diffusion/Blender_ComfyUI/ComfyUI/custom_nodes/comfyui-prompt-control
[2024-02-05 06:09]    0.2 seconds: /Users/aoneko/Documents/Stable Diffusion/Blender_ComfyUI/ComfyUI/custom_nodes/ComfyUI_roop
[2024-02-05 06:09]    0.3 seconds: /Users/aoneko/Documents/Stable Diffusion/Blender_ComfyUI/ComfyUI/custom_nodes/ComfyUI-Impact-Pack
[2024-02-05 06:09]    0.3 seconds: /Users/aoneko/Documents/Stable Diffusion/Blender_ComfyUI/ComfyUI/custom_nodes/Comfyui_Lama
[2024-02-05 06:09]    0.3 seconds: /Users/aoneko/Documents/Stable Diffusion/Blender_ComfyUI/ComfyUI/custom_nodes/comfyui_controlnet_aux
[2024-02-05 06:09]    0.5 seconds: /Users/aoneko/Documents/Stable Diffusion/Blender_ComfyUI/ComfyUI/custom_nodes/comfy_mtb
[2024-02-05 06:09]    0.6 seconds: /Users/aoneko/Documents/Stable Diffusion/Blender_ComfyUI/ComfyUI/custom_nodes/comfyui-reactor-node
[2024-02-05 06:09]    0.9 seconds: /Users/aoneko/Documents/Stable Diffusion/Blender_ComfyUI/ComfyUI/custom_nodes/was-node-suite-comfyui
[2024-02-05 06:09]    1.3 seconds: /Users/aoneko/Documents/Stable Diffusion/Blender_ComfyUI/ComfyUI/custom_nodes/comfyui_segment_anything
[2024-02-05 06:09]    1.7 seconds: /Users/aoneko/Documents/Stable Diffusion/Blender_ComfyUI/ComfyUI/custom_nodes/ComfyUI_zfkun
[2024-02-05 06:09]    2.5 seconds: /Users/aoneko/Documents/Stable Diffusion/Blender_ComfyUI/ComfyUI/custom_nodes/ComfyUI_Custom_Nodes_AlekPet
[2024-02-05 06:09]    3.1 seconds: /Users/aoneko/Documents/Stable Diffusion/Blender_ComfyUI/ComfyUI/custom_nodes/image_control
[2024-02-05 06:09]   10.2 seconds: /Users/aoneko/Documents/Stable Diffusion/Blender_ComfyUI/ComfyUI/custom_nodes/abg-comfyui
[2024-02-05 06:09] 
[2024-02-05 06:09] Exception in thread Thread-10 (prompt_worker):
[2024-02-05 06:09] Traceback (most recent call last):
[2024-02-05 06:09]   File "/Library/Frameworks/Python.framework/Versions/3.10/lib/python3.10/threading.py", line 1009, in _bootstrap_inner
[2024-02-05 06:09]     self.run()
[2024-02-05 06:09]   File "/Library/Frameworks/Python.framework/Versions/3.10/lib/python3.10/threading.py", line 946, in run
[2024-02-05 06:09] Starting server
[2024-02-05 06:09]     self._target(*self._args, **self._kwargs)
[2024-02-05 06:09]   File "/Users/aoneko/Documents/Stable Diffusion/Blender_ComfyUI/ComfyUI/main.py", line 94, in prompt_worker
[2024-02-05 06:09]     [2024-02-05 06:09] 
e = execution.PromptExecutor(server)
[2024-02-05 06:09]   File "/Users/aoneko/Documents/Stable Diffusion/Blender_ComfyUI/ComfyUI/execution.py", line 270, in __init__
[2024-02-05 06:09] To see the GUI go to: http://127.0.0.1:8188
[2024-02-05 06:09]     self.reset()
[2024-02-05 06:09]   File "/Users/aoneko/Documents/Stable Diffusion/Blender_ComfyUI/ComfyUI/execution.py", line 279, in reset
[2024-02-05 06:09]     self.server = server
[2024-02-05 06:09] NameError: name 'server' is not defined
[2024-02-05 06:09] Exception in thread Thread-4 (diff_listen_loop):
[2024-02-05 06:09] Traceback (most recent call last):
[2024-02-05 06:09]   File "/Library/Frameworks/Python.framework/Versions/3.10/lib/python3.10/threading.py", line 1009, in _bootstrap_inner
[2024-02-05 06:09]     self.run()
[2024-02-05 06:09]   File "/Library/Frameworks/Python.framework/Versions/3.10/lib/python3.10/threading.py", line 946, in run
[2024-02-05 06:09]     self._target(*self._args, **self._kwargs)
[2024-02-05 06:09]   File "/Users/aoneko/Documents/Stable Diffusion/Blender_ComfyUI/ComfyUI/custom_nodes/cup.py", line 164, in diff_listen_loop
[2024-02-05 06:09]     update_cached_nodes()
[2024-02-05 06:09]   File "/Users/aoneko/Documents/Stable Diffusion/Blender_ComfyUI/ComfyUI/custom_nodes/cup.py", line 157, in update_cached_nodes
[2024-02-05 06:09]     with HOST_PATH.joinpath("diff_object_info.json").open("w+") as fp:
[2024-02-05 06:09]   File "/Library/Frameworks/Python.framework/Versions/3.10/lib/python3.10/pathlib.py", line 1117, in open
[2024-02-05 06:09]     return self._accessor.open(self, mode, buffering, encoding, errors,
[2024-02-05 06:09] FileNotFoundError: [Errno 2] No such file or directory: 'C:/Users/DorotaL/AppData/Roaming/Blender Foundation/Blender/4.0/scripts/addons/ComfyUI-BlenderAI-node/SDNode/diff_object_info.json'
[2024-02-05 06:10] got prompt
[2024-02-05 06:10] FETCH DATA from: /Users/aoneko/Documents/Stable Diffusion/Blender_ComfyUI/ComfyUI/custom_nodes/ComfyUI-Manager/.cache/1514988643_custom-node-list.json
[2024-02-05 06:10] FETCH DATA from: /Users/aoneko/Documents/Stable Diffusion/Blender_ComfyUI/ComfyUI/custom_nodes/ComfyUI-Manager/.cache/1742899825_extension-node-map.json
[2024-02-05 06:11] Update custom node 'AIGODLIKE-COMFYUI-TRANSLATION'
[2024-02-05 06:11] Update: ['https://github.com/AIGODLIKE/AIGODLIKE-COMFYUI-TRANSLATION']
[2024-02-05 06:11] path=/Users/aoneko/Documents/Stable Diffusion/Blender_ComfyUI/ComfyUI/custom_nodes/AIGODLIKE-COMFYUI-TRANSLATION / repo.is_dirty: False
[2024-02-05 06:11] 
## ComfyUI-Manager: EXECUTE => ['#LAZY-INSTALL-SCRIPT', '/Library/Frameworks/Python.framework/Versions/3.10/bin/python3']
[2024-02-05 06:11] [ComfyUI-Manager] Unexpected behavior: `['#LAZY-INSTALL-SCRIPT', '/Library/Frameworks/Python.framework/Versions/3.10/bin/python3']`
[2024-02-05 06:11] Update was successful.
[2024-02-05 06:11] After restarting ComfyUI, please refresh the browser.
[2024-02-05 06:11] FETCH DATA from: /Users/aoneko/Documents/Stable Diffusion/Blender_ComfyUI/ComfyUI/custom_nodes/ComfyUI-Manager/.cache/1514988643_custom-node-list.json
[2024-02-05 06:11] FETCH DATA from: /Users/aoneko/Documents/Stable Diffusion/Blender_ComfyUI/ComfyUI/custom_nodes/ComfyUI-Manager/.cache/1742899825_extension-node-map.json
[2024-02-05 06:11] FETCH DATA from: /Users/aoneko/Documents/Stable Diffusion/Blender_ComfyUI/ComfyUI/custom_nodes/ComfyUI-Manager/extension-node-map.json
